2020-04-25 12:52:12.494  INFO 11344 --- [main] c.S.DemoNewSpringApplication             : Starting DemoNewSpringApplication on LAPTOP-J0SB1CGO with PID 11344 (X:\JavaProjects\gitRepo\demoNewSpringWeb\target\classes started by souma in X:\JavaProjects\gitRepo\demoNewSpringWeb)
2020-04-25 12:52:12.507  INFO 11344 --- [main] c.S.DemoNewSpringApplication             : No active profile set, falling back to default profiles: default
2020-04-25 12:52:14.057  INFO 11344 --- [main] .s.d.r.c.RepositoryConfigurationDelegate : Bootstrapping Spring Data JPA repositories in DEFAULT mode.
2020-04-25 12:52:14.219  INFO 11344 --- [main] .s.d.r.c.RepositoryConfigurationDelegate : Finished Spring Data repository scanning in 146ms. Found 2 JPA repository interfaces.
2020-04-25 12:52:15.288  INFO 11344 --- [main] o.s.b.w.embedded.tomcat.TomcatWebServer  : Tomcat initialized with port(s): 8087 (http)
2020-04-25 12:52:15.303  INFO 11344 --- [main] o.apache.catalina.core.StandardService   : Starting service [Tomcat]
2020-04-25 12:52:15.304  INFO 11344 --- [main] org.apache.catalina.core.StandardEngine  : Starting Servlet engine: [Apache Tomcat/9.0.24]
2020-04-25 12:52:15.762  INFO 11344 --- [main] org.apache.jasper.servlet.TldScanner     : At least one JAR was scanned for TLDs yet contained no TLDs. Enable debug logging for this logger for a complete list of JARs that were scanned but no TLDs were found in them. Skipping unneeded JARs during scanning can improve startup time and JSP compilation time.
2020-04-25 12:52:15.769  INFO 11344 --- [main] o.a.c.c.C.[Tomcat].[localhost].[/]       : Initializing Spring embedded WebApplicationContext
2020-04-25 12:52:15.769  INFO 11344 --- [main] o.s.web.context.ContextLoader            : Root WebApplicationContext: initialization completed in 3133 ms
2020-04-25 12:52:16.035  INFO 11344 --- [main] com.zaxxer.hikari.HikariDataSource       : HikariPool-1 - Starting...
2020-04-25 12:52:17.131  INFO 11344 --- [main] com.zaxxer.hikari.HikariDataSource       : HikariPool-1 - Start completed.
2020-04-25 12:52:17.216  INFO 11344 --- [main] o.hibernate.jpa.internal.util.LogHelper  : HHH000204: Processing PersistenceUnitInfo [name: default]
2020-04-25 12:52:17.402  INFO 11344 --- [main] org.hibernate.Version                    : HHH000412: Hibernate ORM core version 5.4.12.Final
2020-04-25 12:52:17.689  INFO 11344 --- [main] o.hibernate.annotations.common.Version   : HCANN000001: Hibernate Commons Annotations {5.1.0.Final}
2020-04-25 12:52:17.907  INFO 11344 --- [main] org.hibernate.dialect.Dialect            : HHH000400: Using dialect: org.hibernate.dialect.MySQL5Dialect
2020-04-25 12:52:18.995  INFO 11344 --- [main] o.h.e.t.j.p.i.JtaPlatformInitiator       : HHH000490: Using JtaPlatform implementation: [org.hibernate.engine.transaction.jta.platform.internal.NoJtaPlatform]
2020-04-25 12:52:19.008  INFO 11344 --- [main] j.LocalContainerEntityManagerFactoryBean : Initialized JPA EntityManagerFactory for persistence unit 'default'
2020-04-25 12:52:19.088  WARN 11344 --- [main] JpaBaseConfiguration$JpaWebConfiguration : spring.jpa.open-in-view is enabled by default. Therefore, database queries may be performed during view rendering. Explicitly configure spring.jpa.open-in-view to disable this warning
2020-04-25 12:52:20.160  INFO 11344 --- [main] o.s.s.web.DefaultSecurityFilterChain     : Creating filter chain: any request, [org.springframework.security.web.context.request.async.WebAsyncManagerIntegrationFilter@559d19c, org.springframework.security.web.context.SecurityContextPersistenceFilter@49e7e8f1, org.springframework.security.web.header.HeaderWriterFilter@dd737ea, org.springframework.security.web.csrf.CsrfFilter@328e4ec2, org.springframework.security.web.authentication.logout.LogoutFilter@6c96403e, org.springframework.security.web.authentication.UsernamePasswordAuthenticationFilter@6f07d414, org.springframework.security.web.authentication.ui.DefaultLoginPageGeneratingFilter@2fac80a8, org.springframework.security.web.authentication.ui.DefaultLogoutPageGeneratingFilter@719c1faf, org.springframework.security.web.authentication.www.BasicAuthenticationFilter@53e93fb7, org.springframework.security.web.savedrequest.RequestCacheAwareFilter@464ede1f, org.springframework.security.web.servletapi.SecurityContextHolderAwareRequestFilter@7ef8e623, org.springframework.security.web.authentication.AnonymousAuthenticationFilter@6ba6557e, org.springframework.security.web.session.SessionManagementFilter@2a0963be, org.springframework.security.web.access.ExceptionTranslationFilter@25de8898, org.springframework.security.web.access.intercept.FilterSecurityInterceptor@54329480]
2020-04-25 12:52:20.416  INFO 11344 --- [main] o.s.s.concurrent.ThreadPoolTaskExecutor  : Initializing ExecutorService 'applicationTaskExecutor'
2020-04-25 12:52:20.826  INFO 11344 --- [main] o.s.b.a.w.s.WelcomePageHandlerMapping    : Adding welcome page template: index
2020-04-25 12:52:21.114  INFO 11344 --- [main] o.s.b.w.embedded.tomcat.TomcatWebServer  : Tomcat started on port(s): 8087 (http) with context path ''
2020-04-25 12:52:21.120  INFO 11344 --- [main] c.S.DemoNewSpringApplication             : Started DemoNewSpringApplication in 9.252 seconds (JVM running for 10.699)
2020-04-25 12:52:41.994  INFO 11344 --- [http-nio-8087-exec-2] o.a.c.c.C.[Tomcat].[localhost].[/]       : Initializing Spring DispatcherServlet 'dispatcherServlet'
2020-04-25 12:52:41.994  INFO 11344 --- [http-nio-8087-exec-2] o.s.web.servlet.DispatcherServlet        : Initializing Servlet 'dispatcherServlet'
2020-04-25 12:52:42.009  INFO 11344 --- [http-nio-8087-exec-2] o.s.web.servlet.DispatcherServlet        : Completed initialization in 14 ms
2020-04-25 12:56:13.680  INFO 11344 --- [RMI TCP Connection(5)-127.0.0.1] inMXBeanRegistrar$SpringApplicationAdmin : Application shutdown requested.
2020-04-25 12:56:13.683  INFO 11344 --- [RMI TCP Connection(5)-127.0.0.1] o.s.s.concurrent.ThreadPoolTaskExecutor  : Shutting down ExecutorService 'applicationTaskExecutor'
2020-04-25 12:56:13.684  INFO 11344 --- [RMI TCP Connection(5)-127.0.0.1] j.LocalContainerEntityManagerFactoryBean : Closing JPA EntityManagerFactory for persistence unit 'default'
2020-04-25 12:56:13.686  INFO 11344 --- [RMI TCP Connection(5)-127.0.0.1] com.zaxxer.hikari.HikariDataSource       : HikariPool-1 - Shutdown initiated...
2020-04-25 12:56:13.696  INFO 11344 --- [RMI TCP Connection(5)-127.0.0.1] com.zaxxer.hikari.HikariDataSource       : HikariPool-1 - Shutdown completed.
2020-04-25 13:42:44.374  INFO 12496 --- [main] c.S.DemoNewSpringApplication             : Starting DemoNewSpringApplication on LAPTOP-J0SB1CGO with PID 12496 (X:\JavaProjects\gitRepo\demoNewSpringWeb\target\classes started by souma in X:\JavaProjects\gitRepo\demoNewSpringWeb)
2020-04-25 13:42:44.378  INFO 12496 --- [main] c.S.DemoNewSpringApplication             : No active profile set, falling back to default profiles: default
2020-04-25 13:42:45.150  INFO 12496 --- [main] .s.d.r.c.RepositoryConfigurationDelegate : Bootstrapping Spring Data JPA repositories in DEFAULT mode.
2020-04-25 13:42:45.213  INFO 12496 --- [main] .s.d.r.c.RepositoryConfigurationDelegate : Finished Spring Data repository scanning in 54ms. Found 2 JPA repository interfaces.
2020-04-25 13:42:45.855  INFO 12496 --- [main] o.s.b.w.embedded.tomcat.TomcatWebServer  : Tomcat initialized with port(s): 8087 (http)
2020-04-25 13:42:45.864  INFO 12496 --- [main] o.apache.catalina.core.StandardService   : Starting service [Tomcat]
2020-04-25 13:42:45.864  INFO 12496 --- [main] org.apache.catalina.core.StandardEngine  : Starting Servlet engine: [Apache Tomcat/9.0.33]
2020-04-25 13:42:46.158  INFO 12496 --- [main] org.apache.jasper.servlet.TldScanner     : At least one JAR was scanned for TLDs yet contained no TLDs. Enable debug logging for this logger for a complete list of JARs that were scanned but no TLDs were found in them. Skipping unneeded JARs during scanning can improve startup time and JSP compilation time.
2020-04-25 13:42:46.162  INFO 12496 --- [main] o.a.c.c.C.[Tomcat].[localhost].[/]       : Initializing Spring embedded WebApplicationContext
2020-04-25 13:42:46.162  INFO 12496 --- [main] o.s.web.context.ContextLoader            : Root WebApplicationContext: initialization completed in 1725 ms
2020-04-25 13:42:46.364  INFO 12496 --- [main] com.zaxxer.hikari.HikariDataSource       : HikariPool-1 - Starting...
2020-04-25 13:42:47.121  INFO 12496 --- [main] com.zaxxer.hikari.HikariDataSource       : HikariPool-1 - Start completed.
2020-04-25 13:42:47.166  INFO 12496 --- [main] o.hibernate.jpa.internal.util.LogHelper  : HHH000204: Processing PersistenceUnitInfo [name: default]
2020-04-25 13:42:47.270  INFO 12496 --- [main] org.hibernate.Version                    : HHH000412: Hibernate ORM core version 5.4.12.Final
2020-04-25 13:42:47.493  INFO 12496 --- [main] o.hibernate.annotations.common.Version   : HCANN000001: Hibernate Commons Annotations {5.1.0.Final}
2020-04-25 13:42:47.662  INFO 12496 --- [main] org.hibernate.dialect.Dialect            : HHH000400: Using dialect: org.hibernate.dialect.MySQL5Dialect
2020-04-25 13:42:48.398  INFO 12496 --- [main] o.h.e.t.j.p.i.JtaPlatformInitiator       : HHH000490: Using JtaPlatform implementation: [org.hibernate.engine.transaction.jta.platform.internal.NoJtaPlatform]
2020-04-25 13:42:48.406  INFO 12496 --- [main] j.LocalContainerEntityManagerFactoryBean : Initialized JPA EntityManagerFactory for persistence unit 'default'
2020-04-25 13:42:48.456  WARN 12496 --- [main] JpaBaseConfiguration$JpaWebConfiguration : spring.jpa.open-in-view is enabled by default. Therefore, database queries may be performed during view rendering. Explicitly configure spring.jpa.open-in-view to disable this warning
2020-04-25 13:42:49.232  INFO 12496 --- [main] o.s.s.web.DefaultSecurityFilterChain     : Creating filter chain: any request, [org.springframework.security.web.context.request.async.WebAsyncManagerIntegrationFilter@5e37fb82, org.springframework.security.web.context.SecurityContextPersistenceFilter@23ea8830, org.springframework.security.web.header.HeaderWriterFilter@6b09ce57, org.springframework.security.web.csrf.CsrfFilter@6a6da47a, org.springframework.security.web.authentication.logout.LogoutFilter@5a3cf824, org.springframework.security.web.authentication.UsernamePasswordAuthenticationFilter@66234b0f, org.springframework.security.web.authentication.ui.DefaultLoginPageGeneratingFilter@42107318, org.springframework.security.web.authentication.ui.DefaultLogoutPageGeneratingFilter@59ec7020, org.springframework.security.web.authentication.www.BasicAuthenticationFilter@25218a4d, org.springframework.security.web.savedrequest.RequestCacheAwareFilter@790ac3e0, org.springframework.security.web.servletapi.SecurityContextHolderAwareRequestFilter@2b170932, org.springframework.security.web.authentication.AnonymousAuthenticationFilter@23f60b7d, org.springframework.security.web.session.SessionManagementFilter@2b9aeedb, org.springframework.security.web.access.ExceptionTranslationFilter@5a85b4e6, org.springframework.security.web.access.intercept.FilterSecurityInterceptor@2fba0dac]
2020-04-25 13:42:49.425  INFO 12496 --- [main] o.s.s.concurrent.ThreadPoolTaskExecutor  : Initializing ExecutorService 'applicationTaskExecutor'
2020-04-25 13:42:49.501  INFO 12496 --- [main] o.s.b.a.w.s.WelcomePageHandlerMapping    : Adding welcome page template: index
2020-04-25 13:42:49.972  INFO 12496 --- [main] o.s.b.w.embedded.tomcat.TomcatWebServer  : Tomcat started on port(s): 8087 (http) with context path ''
2020-04-25 13:42:49.975  INFO 12496 --- [main] c.S.DemoNewSpringApplication             : Started DemoNewSpringApplication in 6.003 seconds (JVM running for 6.828)
2020-04-25 13:45:14.041  INFO 12496 --- [RMI TCP Connection(4)-127.0.0.1] inMXBeanRegistrar$SpringApplicationAdmin : Application shutdown requested.
2020-04-25 13:45:14.050  INFO 12496 --- [RMI TCP Connection(4)-127.0.0.1] o.s.s.concurrent.ThreadPoolTaskExecutor  : Shutting down ExecutorService 'applicationTaskExecutor'
2020-04-25 13:45:14.053  INFO 12496 --- [RMI TCP Connection(4)-127.0.0.1] j.LocalContainerEntityManagerFactoryBean : Closing JPA EntityManagerFactory for persistence unit 'default'
2020-04-25 13:45:14.058  INFO 12496 --- [RMI TCP Connection(4)-127.0.0.1] com.zaxxer.hikari.HikariDataSource       : HikariPool-1 - Shutdown initiated...
2020-04-25 13:45:14.067  INFO 12496 --- [RMI TCP Connection(4)-127.0.0.1] com.zaxxer.hikari.HikariDataSource       : HikariPool-1 - Shutdown completed.
2020-04-25 15:58:11.084  INFO 11528 --- [main] c.S.DemoNewSpringApplication             : Starting DemoNewSpringApplication on LAPTOP-J0SB1CGO with PID 11528 (X:\JavaProjects\gitRepo\demoNewSpringWeb\target\classes started by souma in X:\JavaProjects\gitRepo\demoNewSpringWeb)
2020-04-25 15:58:11.087  INFO 11528 --- [main] c.S.DemoNewSpringApplication             : No active profile set, falling back to default profiles: default
2020-04-25 15:58:12.068  INFO 11528 --- [main] .s.d.r.c.RepositoryConfigurationDelegate : Bootstrapping Spring Data JPA repositories in DEFAULT mode.
2020-04-25 15:58:12.199  INFO 11528 --- [main] .s.d.r.c.RepositoryConfigurationDelegate : Finished Spring Data repository scanning in 117ms. Found 2 JPA repository interfaces.
2020-04-25 15:58:13.098  INFO 11528 --- [main] o.s.b.w.embedded.tomcat.TomcatWebServer  : Tomcat initialized with port(s): 8087 (http)
2020-04-25 15:58:13.108  INFO 11528 --- [main] o.apache.catalina.core.StandardService   : Starting service [Tomcat]
2020-04-25 15:58:13.108  INFO 11528 --- [main] org.apache.catalina.core.StandardEngine  : Starting Servlet engine: [Apache Tomcat/9.0.33]
2020-04-25 15:58:13.352  INFO 11528 --- [main] org.apache.jasper.servlet.TldScanner     : At least one JAR was scanned for TLDs yet contained no TLDs. Enable debug logging for this logger for a complete list of JARs that were scanned but no TLDs were found in them. Skipping unneeded JARs during scanning can improve startup time and JSP compilation time.
2020-04-25 15:58:13.357  INFO 11528 --- [main] o.a.c.c.C.[Tomcat].[localhost].[/]       : Initializing Spring embedded WebApplicationContext
2020-04-25 15:58:13.357  INFO 11528 --- [main] o.s.web.context.ContextLoader            : Root WebApplicationContext: initialization completed in 2215 ms
2020-04-25 15:58:13.588  INFO 11528 --- [main] com.zaxxer.hikari.HikariDataSource       : HikariPool-1 - Starting...
2020-04-25 15:58:14.578  INFO 11528 --- [main] com.zaxxer.hikari.HikariDataSource       : HikariPool-1 - Start completed.
2020-04-25 15:58:14.643  INFO 11528 --- [main] o.hibernate.jpa.internal.util.LogHelper  : HHH000204: Processing PersistenceUnitInfo [name: default]
2020-04-25 15:58:14.734  INFO 11528 --- [main] org.hibernate.Version                    : HHH000412: Hibernate ORM core version 5.4.12.Final
2020-04-25 15:58:14.904  INFO 11528 --- [main] o.hibernate.annotations.common.Version   : HCANN000001: Hibernate Commons Annotations {5.1.0.Final}
2020-04-25 15:58:15.027  INFO 11528 --- [main] org.hibernate.dialect.Dialect            : HHH000400: Using dialect: org.hibernate.dialect.MySQL5Dialect
2020-04-25 15:58:15.779  INFO 11528 --- [main] o.h.e.t.j.p.i.JtaPlatformInitiator       : HHH000490: Using JtaPlatform implementation: [org.hibernate.engine.transaction.jta.platform.internal.NoJtaPlatform]
2020-04-25 15:58:15.789  INFO 11528 --- [main] j.LocalContainerEntityManagerFactoryBean : Initialized JPA EntityManagerFactory for persistence unit 'default'
2020-04-25 15:58:15.835  WARN 11528 --- [main] JpaBaseConfiguration$JpaWebConfiguration : spring.jpa.open-in-view is enabled by default. Therefore, database queries may be performed during view rendering. Explicitly configure spring.jpa.open-in-view to disable this warning
2020-04-25 15:58:16.586  INFO 11528 --- [main] o.s.s.web.DefaultSecurityFilterChain     : Creating filter chain: any request, [org.springframework.security.web.context.request.async.WebAsyncManagerIntegrationFilter@2b098563, org.springframework.security.web.context.SecurityContextPersistenceFilter@83b0d0f, org.springframework.security.web.header.HeaderWriterFilter@77ccded4, org.springframework.security.web.csrf.CsrfFilter@426710f0, org.springframework.security.web.authentication.logout.LogoutFilter@9729a97, org.springframework.security.web.authentication.UsernamePasswordAuthenticationFilter@1eab8437, org.springframework.security.web.authentication.ui.DefaultLoginPageGeneratingFilter@3f357c9d, org.springframework.security.web.authentication.ui.DefaultLogoutPageGeneratingFilter@c758a2d, org.springframework.security.web.authentication.www.BasicAuthenticationFilter@2353354a, org.springframework.security.web.savedrequest.RequestCacheAwareFilter@7afe0e67, org.springframework.security.web.servletapi.SecurityContextHolderAwareRequestFilter@3f3c8b60, org.springframework.security.web.authentication.AnonymousAuthenticationFilter@d0b814d, org.springframework.security.web.session.SessionManagementFilter@21be14c2, org.springframework.security.web.access.ExceptionTranslationFilter@2c8ff67, org.springframework.security.web.access.intercept.FilterSecurityInterceptor@6164e137]
2020-04-25 15:58:16.771  INFO 11528 --- [main] o.s.s.concurrent.ThreadPoolTaskExecutor  : Initializing ExecutorService 'applicationTaskExecutor'
2020-04-25 15:58:16.854  INFO 11528 --- [main] o.s.b.a.w.s.WelcomePageHandlerMapping    : Adding welcome page template: index
2020-04-25 15:58:17.334  INFO 11528 --- [main] o.s.b.w.embedded.tomcat.TomcatWebServer  : Tomcat started on port(s): 8087 (http) with context path ''
2020-04-25 15:58:17.339  INFO 11528 --- [main] c.S.DemoNewSpringApplication             : Started DemoNewSpringApplication in 6.635 seconds (JVM running for 7.775)
2020-04-25 16:01:46.948  INFO 11528 --- [RMI TCP Connection(5)-127.0.0.1] inMXBeanRegistrar$SpringApplicationAdmin : Application shutdown requested.
2020-04-25 16:01:46.957  INFO 11528 --- [RMI TCP Connection(5)-127.0.0.1] o.s.s.concurrent.ThreadPoolTaskExecutor  : Shutting down ExecutorService 'applicationTaskExecutor'
2020-04-25 16:01:46.959  INFO 11528 --- [RMI TCP Connection(5)-127.0.0.1] j.LocalContainerEntityManagerFactoryBean : Closing JPA EntityManagerFactory for persistence unit 'default'
2020-04-25 16:01:46.965  INFO 11528 --- [RMI TCP Connection(5)-127.0.0.1] com.zaxxer.hikari.HikariDataSource       : HikariPool-1 - Shutdown initiated...
2020-04-25 16:01:46.993  INFO 11528 --- [RMI TCP Connection(5)-127.0.0.1] com.zaxxer.hikari.HikariDataSource       : HikariPool-1 - Shutdown completed.
2020-04-25 19:18:20.425  INFO 12228 --- [main] c.S.DemoNewSpringApplication             : Starting DemoNewSpringApplication on LAPTOP-J0SB1CGO with PID 12228 (X:\JavaProjects\gitRepo\demoNewSpringWeb\target\classes started by souma in X:\JavaProjects\gitRepo\demoNewSpringWeb)
2020-04-25 19:18:20.429  INFO 12228 --- [main] c.S.DemoNewSpringApplication             : No active profile set, falling back to default profiles: default
2020-04-25 19:18:21.282  INFO 12228 --- [main] .s.d.r.c.RepositoryConfigurationDelegate : Bootstrapping Spring Data JPA repositories in DEFAULT mode.
2020-04-25 19:18:21.377  INFO 12228 --- [main] .s.d.r.c.RepositoryConfigurationDelegate : Finished Spring Data repository scanning in 85ms. Found 2 JPA repository interfaces.
2020-04-25 19:18:22.274  INFO 12228 --- [main] o.s.b.w.embedded.tomcat.TomcatWebServer  : Tomcat initialized with port(s): 8087 (http)
2020-04-25 19:18:22.284  INFO 12228 --- [main] o.apache.catalina.core.StandardService   : Starting service [Tomcat]
2020-04-25 19:18:22.285  INFO 12228 --- [main] org.apache.catalina.core.StandardEngine  : Starting Servlet engine: [Apache Tomcat/9.0.33]
2020-04-25 19:18:22.526  INFO 12228 --- [main] org.apache.jasper.servlet.TldScanner     : At least one JAR was scanned for TLDs yet contained no TLDs. Enable debug logging for this logger for a complete list of JARs that were scanned but no TLDs were found in them. Skipping unneeded JARs during scanning can improve startup time and JSP compilation time.
2020-04-25 19:18:22.531  INFO 12228 --- [main] o.a.c.c.C.[Tomcat].[localhost].[/]       : Initializing Spring embedded WebApplicationContext
2020-04-25 19:18:22.532  INFO 12228 --- [main] o.s.web.context.ContextLoader            : Root WebApplicationContext: initialization completed in 2035 ms
2020-04-25 19:18:22.696  INFO 12228 --- [main] com.zaxxer.hikari.HikariDataSource       : HikariPool-1 - Starting...
2020-04-25 19:18:23.525  INFO 12228 --- [main] com.zaxxer.hikari.HikariDataSource       : HikariPool-1 - Start completed.
2020-04-25 19:18:23.576  INFO 12228 --- [main] o.hibernate.jpa.internal.util.LogHelper  : HHH000204: Processing PersistenceUnitInfo [name: default]
2020-04-25 19:18:23.651  INFO 12228 --- [main] org.hibernate.Version                    : HHH000412: Hibernate ORM core version 5.4.12.Final
2020-04-25 19:18:23.832  INFO 12228 --- [main] o.hibernate.annotations.common.Version   : HCANN000001: Hibernate Commons Annotations {5.1.0.Final}
2020-04-25 19:18:23.960  INFO 12228 --- [main] org.hibernate.dialect.Dialect            : HHH000400: Using dialect: org.hibernate.dialect.MySQL5Dialect
2020-04-25 19:18:24.685  INFO 12228 --- [main] o.h.e.t.j.p.i.JtaPlatformInitiator       : HHH000490: Using JtaPlatform implementation: [org.hibernate.engine.transaction.jta.platform.internal.NoJtaPlatform]
2020-04-25 19:18:24.695  INFO 12228 --- [main] j.LocalContainerEntityManagerFactoryBean : Initialized JPA EntityManagerFactory for persistence unit 'default'
2020-04-25 19:18:24.786  WARN 12228 --- [main] JpaBaseConfiguration$JpaWebConfiguration : spring.jpa.open-in-view is enabled by default. Therefore, database queries may be performed during view rendering. Explicitly configure spring.jpa.open-in-view to disable this warning
2020-04-25 19:18:25.502  WARN 12228 --- [main] o.s.security.core.userdetails.User       : User.withDefaultPasswordEncoder() is considered unsafe for production and is only intended for sample applications.
2020-04-25 19:18:25.801  INFO 12228 --- [main] o.s.s.web.DefaultSecurityFilterChain     : Creating filter chain: any request, [org.springframework.security.web.context.request.async.WebAsyncManagerIntegrationFilter@892af0e, org.springframework.security.web.context.SecurityContextPersistenceFilter@b3857e2, org.springframework.security.web.header.HeaderWriterFilter@3f357c9d, org.springframework.security.web.csrf.CsrfFilter@21be14c2, org.springframework.security.web.authentication.logout.LogoutFilter@6f8667bb, org.springframework.security.web.authentication.UsernamePasswordAuthenticationFilter@7af0d91b, org.springframework.security.web.authentication.ui.DefaultLoginPageGeneratingFilter@54f2df29, org.springframework.security.web.authentication.ui.DefaultLogoutPageGeneratingFilter@446c8c72, org.springframework.security.web.authentication.www.BasicAuthenticationFilter@4d4df0f4, org.springframework.security.web.savedrequest.RequestCacheAwareFilter@37d0d373, org.springframework.security.web.servletapi.SecurityContextHolderAwareRequestFilter@577bfadb, org.springframework.security.web.authentication.AnonymousAuthenticationFilter@6e2eead5, org.springframework.security.web.session.SessionManagementFilter@5458c71e, org.springframework.security.web.access.ExceptionTranslationFilter@3f3c8b60, org.springframework.security.web.access.intercept.FilterSecurityInterceptor@3c17bd0b]
2020-04-25 19:18:26.006  INFO 12228 --- [main] o.s.s.concurrent.ThreadPoolTaskExecutor  : Initializing ExecutorService 'applicationTaskExecutor'
2020-04-25 19:18:26.087  INFO 12228 --- [main] o.s.b.a.w.s.WelcomePageHandlerMapping    : Adding welcome page template: index
2020-04-25 19:18:26.624  INFO 12228 --- [main] o.s.b.w.embedded.tomcat.TomcatWebServer  : Tomcat started on port(s): 8087 (http) with context path ''
2020-04-25 19:18:26.628  INFO 12228 --- [main] c.S.DemoNewSpringApplication             : Started DemoNewSpringApplication in 6.592 seconds (JVM running for 7.623)
2020-04-25 19:18:46.031  INFO 12228 --- [http-nio-8087-exec-1] o.a.c.c.C.[Tomcat].[localhost].[/]       : Initializing Spring DispatcherServlet 'dispatcherServlet'
2020-04-25 19:18:46.032  INFO 12228 --- [http-nio-8087-exec-1] o.s.web.servlet.DispatcherServlet        : Initializing Servlet 'dispatcherServlet'
2020-04-25 19:18:46.051  INFO 12228 --- [http-nio-8087-exec-1] o.s.web.servlet.DispatcherServlet        : Completed initialization in 18 ms
2020-04-25 20:08:27.067  INFO 12228 --- [RMI TCP Connection(4)-127.0.0.1] inMXBeanRegistrar$SpringApplicationAdmin : Application shutdown requested.
2020-04-25 20:08:27.074  INFO 12228 --- [RMI TCP Connection(4)-127.0.0.1] o.s.s.concurrent.ThreadPoolTaskExecutor  : Shutting down ExecutorService 'applicationTaskExecutor'
2020-04-25 20:08:27.076  INFO 12228 --- [RMI TCP Connection(4)-127.0.0.1] j.LocalContainerEntityManagerFactoryBean : Closing JPA EntityManagerFactory for persistence unit 'default'
2020-04-25 20:08:27.082  INFO 12228 --- [RMI TCP Connection(4)-127.0.0.1] com.zaxxer.hikari.HikariDataSource       : HikariPool-1 - Shutdown initiated...
2020-04-25 20:08:27.105  INFO 12228 --- [RMI TCP Connection(4)-127.0.0.1] com.zaxxer.hikari.HikariDataSource       : HikariPool-1 - Shutdown completed.
